Using pre-set license
Built from '2020.3/china_unity/release' branch; Version is '2020.3.14f1c1 (ed787cdc2846) revision 15562876'; Using compiler version '192528614'; Build Type 'Release'
OS: 'Windows 10 Home China; OS build 19044.2486; Version 2009; 64bit' Language: 'zh' Physical Memory: 14197 MB
BatchMode: 1, IsHumanControllingUs: 0, StartBugReporterOnCrash: 0, Is64bit: 1, IsPro: 0

 COMMAND LINE ARGUMENTS:
D:\unity\2020.3.14f1c1\Editor\Unity.exe
-adb2
-batchMode
-noUpm
-name
AssetImportWorker0
-projectPath
D:/unity/progam/John
-logFile
Logs/AssetImportWorker0.log
-srvPort
63880
Successfully changed project path to: D:/unity/progam/John
D:/unity/progam/John
Using Asset Import Pipeline V2.
Refreshing native plugins compatible for Editor in 93.41 ms, found 2 plugins.
Preloading 0 native plugins for Editor in 0.00 ms.
Initialize engine version: 2020.3.14f1c1 (ed787cdc2846)
[Subsystems] Discovering subsystems at path D:/unity/2020.3.14f1c1/Editor/Data/Resources/UnitySubsystems
[Subsystems] Discovering subsystems at path D:/unity/progam/John/Assets
GfxDevice: creating device client; threaded=0
Direct3D:
    Version:  Direct3D 11.0 [level 11.1]
    Renderer: AMD Radeon(TM) Graphics (ID=0x164c)
    Vendor:   
    VRAM:     7098 MB
    Driver:   27.20.15026.8004
Initialize mono
Mono path[0] = 'D:/unity/2020.3.14f1c1/Editor/Data/Managed'
Mono path[1] = 'D:/unity/2020.3.14f1c1/Editor/Data/MonoBleedingEdge/lib/mono/unityjit'
Mono config path = 'D:/unity/2020.3.14f1c1/Editor/Data/MonoBleedingEdge/etc'
Using monoOptions --debugger-agent=transport=dt_socket,embedding=1,server=y,suspend=n,address=127.0.0.1:56472
Begin MonoManager ReloadAssembly
Registering precompiled unity dll's ...
Register platform support module: D:/unity/2020.3.14f1c1/Editor/Data/PlaybackEngines/WindowsStandaloneSupport/UnityEditor.WindowsStandalone.Extensions.dll
Registered in 0.003090 seconds.
Native extension for WindowsStandalone target not found
Refreshing native plugins compatible for Editor in 52.24 ms, found 2 plugins.
Preloading 0 native plugins for Editor in 0.00 ms.
Mono: successfully reloaded assembly
- Completed reload, in  0.923 seconds
Domain Reload Profiling:
	ReloadAssembly (923ms)
		BeginReloadAssembly (77ms)
			ExecutionOrderSort (0ms)
			DisableScriptedObjects (0ms)
			BackupInstance (0ms)
			ReleaseScriptingObjects (0ms)
			CreateAndSetChildDomain (1ms)
		EndReloadAssembly (394ms)
			LoadAssemblies (73ms)
			RebuildTransferFunctionScriptingTraits (0ms)
			SetupTypeCache (135ms)
			ReleaseScriptCaches (0ms)
			RebuildScriptCaches (26ms)
			SetupLoadedEditorAssemblies (162ms)
				LogAssemblyErrors (0ms)
				InitializePlatformSupportModulesInManaged (3ms)
				SetLoadedEditorAssemblies (0ms)
				RefreshPlugins (52ms)
				BeforeProcessingInitializeOnLoad (11ms)
				ProcessInitializeOnLoadAttributes (72ms)
				ProcessInitializeOnLoadMethodAttributes (23ms)
				AfterProcessingInitializeOnLoad (0ms)
				EditorAssembliesLoaded (0ms)
			ExecutionOrderSort2 (0ms)
			AwakeInstancesAfterBackupRestoration (0ms)
Platform modules already initialized, skipping
Registering precompiled user dll's ...
Registered in 0.016798 seconds.
Begin MonoManager ReloadAssembly
Native extension for WindowsStandalone target not found
Refreshing native plugins compatible for Editor in 0.73 ms, found 2 plugins.
Preloading 0 native plugins for Editor in 0.00 ms.
Mono: successfully reloaded assembly
- Completed reload, in  1.104 seconds
Domain Reload Profiling:
	ReloadAssembly (1105ms)
		BeginReloadAssembly (147ms)
			ExecutionOrderSort (0ms)
			DisableScriptedObjects (4ms)
			BackupInstance (0ms)
			ReleaseScriptingObjects (0ms)
			CreateAndSetChildDomain (19ms)
		EndReloadAssembly (869ms)
			LoadAssemblies (161ms)
			RebuildTransferFunctionScriptingTraits (0ms)
			SetupTypeCache (252ms)
			ReleaseScriptCaches (1ms)
			RebuildScriptCaches (43ms)
			SetupLoadedEditorAssemblies (338ms)
				LogAssemblyErrors (0ms)
				InitializePlatformSupportModulesInManaged (5ms)
				SetLoadedEditorAssemblies (0ms)
				RefreshPlugins (1ms)
				BeforeProcessingInitializeOnLoad (86ms)
				ProcessInitializeOnLoadAttributes (221ms)
				ProcessInitializeOnLoadMethodAttributes (12ms)
				AfterProcessingInitializeOnLoad (13ms)
				EditorAssembliesLoaded (0ms)
			ExecutionOrderSort2 (0ms)
			AwakeInstancesAfterBackupRestoration (5ms)
Platform modules already initialized, skipping
========================================================================
Worker process is ready to serve import requests
Launched and connected shader compiler UnityShaderCompiler.exe after 0.07 seconds
Refreshing native plugins compatible for Editor in 0.91 ms, found 2 plugins.
Preloading 0 native plugins for Editor in 0.00 ms.
Unloading 1970 Unused Serialized files (Serialized files now loaded: 0)
System memory in use before: 177.5 MB.
System memory in use after: 177.5 MB.

Unloading 45 unused Assets to reduce memory usage. Loaded Objects now: 2407.
Total: 2.316900 ms (FindLiveObjects: 0.240000 ms CreateObjectMapping: 0.040300 ms MarkObjects: 1.907300 ms  DeleteObjects: 0.127600 ms)

AssetImportParameters requested are different than current active one (requested -> active):
  custom:framework-win-MediaFoundation: 216162199b28c13a410421893ffa2e32 -> 
  custom:video-decoder-ogg-theora: a1e56fd34408186e4bbccfd4996cb3dc -> 
  custom:container-muxer-webm: aa71ff27fc2769a1b78a27578f13a17b -> 
  custom:container-demuxer-webm: 4f35f7cbe854078d1ac9338744f61a02 -> 
  custom:container-demuxer-ogg: 62fdf1f143b41e24485cea50d1cbac27 -> 
  custom:video-encoder-webm-vp8: eb34c28f22e8b96e1ab97ce403110664 -> 
  custom:video-codec-MediaFoundation-h265: 746d11721c4dcdbdad8f713fa42b33f4 -> 
  custom:video-decoder-webm-vp8: 9c59270c3fd7afecdb556c50c9e8de78 -> 
  custom:audio-decoder-ogg-vorbis: bf7c407c2cedff20999df2af8eb42d56 -> 
  custom:audio-encoder-webm-vorbis: bf7c407c2cedff20999df2af8eb42d56 -> 
========================================================================
Received Import Request.
  path: Assets/Rocks Pack 1/Rock1/resources/Stone1_B.png
  artifactKey: Guid(4803d681cd4e97147ac08c9e99811399) Importer(815301076,1909f56bfc062723c751e8b465ee728b)
Start importing Assets/Rocks Pack 1/Rock1/resources/Stone1_B.png using Guid(4803d681cd4e97147ac08c9e99811399) Importer(815301076,1909f56bfc062723c751e8b465ee728b)  -> (artifact id: 'ad87d9c52e8fca6edf75c43436727a08') in 0.058434 seconds 
  Import took 0.061677 seconds .

========================================================================
Received Import Request.
  Time since last request: 0.000336 seconds.
  path: Assets/Rocks Pack 1/Rock1/resources/Rock1_LP.obj
  artifactKey: Guid(0b486cbb31579404a8014eff22e2ec03) Importer(815301076,1909f56bfc062723c751e8b465ee728b)
Start importing Assets/Rocks Pack 1/Rock1/resources/Rock1_LP.obj using Guid(0b486cbb31579404a8014eff22e2ec03) Importer(815301076,1909f56bfc062723c751e8b465ee728b)  -> (artifact id: '377cc5379a3049b3b70c0bc9626a9ce2') in 0.190984 seconds 
  Import took 0.202631 seconds .

========================================================================
Received Import Request.
  Time since last request: 0.000628 seconds.
  path: Assets/Rocks Pack 1/Rock1/resources/Stone1.png
  artifactKey: Guid(82c039cc21c6c0c45b7bd332d4bd8d3a) Importer(815301076,1909f56bfc062723c751e8b465ee728b)
Start importing Assets/Rocks Pack 1/Rock1/resources/Stone1.png using Guid(82c039cc21c6c0c45b7bd332d4bd8d3a) Importer(815301076,1909f56bfc062723c751e8b465ee728b)  -> (artifact id: 'b3e3ea4eaf8ef04bf4cca653676e644a') in 0.120674 seconds 
  Import took 0.132602 seconds .

========================================================================
Received Import Request.
  Time since last request: 2.442563 seconds.
  path: Assets/Rocks Pack 1/Rock1/resources/Stone1_nmp.png
  artifactKey: Guid(2975e974e7cadf04a88732ba34771a85) Importer(815301076,1909f56bfc062723c751e8b465ee728b)
Start importing Assets/Rocks Pack 1/Rock1/resources/Stone1_nmp.png using Guid(2975e974e7cadf04a88732ba34771a85) Importer(815301076,1909f56bfc062723c751e8b465ee728b)  -> (artifact id: '29f377f946a6fa74768b6f1383c9fc9a') in 0.060738 seconds 
  Import took 0.066864 seconds .

========================================================================
Received Import Request.
  Time since last request: 0.024742 seconds.
  path: Assets/Rocks Pack 1/Rock1/resources/Stone1_nmp.png
  artifactKey: Guid(2975e974e7cadf04a88732ba34771a85) Importer(815301076,1909f56bfc062723c751e8b465ee728b)
Start importing Assets/Rocks Pack 1/Rock1/resources/Stone1_nmp.png using Guid(2975e974e7cadf04a88732ba34771a85) Importer(815301076,1909f56bfc062723c751e8b465ee728b)  -> (artifact id: '29f377f946a6fa74768b6f1383c9fc9a') in 0.033957 seconds 
  Import took 0.039860 seconds .

